0 info it worked if it ends with ok
1 verbose cli [ 'node',
1 verbose cli   '/usr/local/bin/npm',
1 verbose cli   'install',
1 verbose cli   'grunt-contrib-wiredep',
1 verbose cli   '--save-dev' ]
2 info using npm@2.11.2
3 info using node@v0.12.5
4 verbose node symlink /usr/local/bin/node
5 verbose install initial load of /Users/ccetech/MEGA/work/CCE-FIles/package.json
6 verbose installManyTop reading scoped package data from /Users/ccetech/MEGA/work/CCE-FIles/node_modules/grunt/package.json
7 verbose installManyTop reading scoped package data from /Users/ccetech/MEGA/work/CCE-FIles/node_modules/grunt-contrib-jshint/package.json
8 verbose installManyTop reading scoped package data from /Users/ccetech/MEGA/work/CCE-FIles/node_modules/grunt-contrib-sass/package.json
9 verbose installManyTop reading scoped package data from /Users/ccetech/MEGA/work/CCE-FIles/node_modules/grunt-inline-css/package.json
10 verbose installManyTop reading scoped package data from /Users/ccetech/MEGA/work/CCE-FIles/node_modules/grunt-wiredep/package.json
11 verbose installManyTop reading scoped package data from /Users/ccetech/MEGA/work/CCE-FIles/node_modules/load-grunt-tasks/package.json
12 verbose installManyTop reading scoped package data from /Users/ccetech/MEGA/work/CCE-FIles/node_modules/matchdep/package.json
13 info package.json grunt@0.4.5 No license field.
14 info package.json grunt-contrib-sass@0.9.2 No license field.
15 info package.json grunt-inline-css@0.1.5 No license field.
16 info package.json grunt-wiredep@2.0.0 No license field.
17 verbose readDependencies loading dependencies from /Users/ccetech/MEGA/work/CCE-FIles/package.json
18 silly cache add args [ 'grunt-contrib-wiredep', null ]
19 verbose cache add spec grunt-contrib-wiredep
20 silly cache add parsed spec { raw: 'grunt-contrib-wiredep',
20 silly cache add   scope: null,
20 silly cache add   name: 'grunt-contrib-wiredep',
20 silly cache add   rawSpec: '',
20 silly cache add   spec: '*',
20 silly cache add   type: 'range' }
21 silly addNamed grunt-contrib-wiredep@*
22 verbose addNamed "*" is a valid semver range for grunt-contrib-wiredep
23 silly addNameRange { name: 'grunt-contrib-wiredep', range: '*', hasData: false }
24 silly mapToRegistry name grunt-contrib-wiredep
25 silly mapToRegistry using default registry
26 silly mapToRegistry registry https://registry.npmjs.org/
27 silly mapToRegistry uri https://registry.npmjs.org/grunt-contrib-wiredep
28 verbose addNameRange registry:https://registry.npmjs.org/grunt-contrib-wiredep not in flight; fetching
29 verbose request uri https://registry.npmjs.org/grunt-contrib-wiredep
30 verbose request no auth needed
31 info attempt registry request try #1 at 20:06:46
32 verbose request id 4b1fb1eca6832b18
33 http request GET https://registry.npmjs.org/grunt-contrib-wiredep
34 http 404 https://registry.npmjs.org/grunt-contrib-wiredep
35 verbose headers { 'content-type': 'application/json',
35 verbose headers   'cache-control': 'max-age=0',
35 verbose headers   'content-length': '2',
35 verbose headers   'accept-ranges': 'bytes',
35 verbose headers   date: 'Wed, 16 Dec 2015 02:06:46 GMT',
35 verbose headers   via: '1.1 varnish',
35 verbose headers   age: '0',
35 verbose headers   connection: 'keep-alive',
35 verbose headers   'x-served-by': 'cache-dfw1822-DFW',
35 verbose headers   'x-cache': 'MISS',
35 verbose headers   'x-cache-hits': '0',
35 verbose headers   'x-timer': 'S1450231606.711408,VS0,VE189' }
36 silly get cb [ 404,
36 silly get   { 'content-type': 'application/json',
36 silly get     'cache-control': 'max-age=0',
36 silly get     'content-length': '2',
36 silly get     'accept-ranges': 'bytes',
36 silly get     date: 'Wed, 16 Dec 2015 02:06:46 GMT',
36 silly get     via: '1.1 varnish',
36 silly get     age: '0',
36 silly get     connection: 'keep-alive',
36 silly get     'x-served-by': 'cache-dfw1822-DFW',
36 silly get     'x-cache': 'MISS',
36 silly get     'x-cache-hits': '0',
36 silly get     'x-timer': 'S1450231606.711408,VS0,VE189' } ]
37 verbose stack Error: Registry returned 404 for GET on https://registry.npmjs.org/grunt-contrib-wiredep
37 verbose stack     at CachingRegistryClient.<anonymous> (/usr/local/lib/node_modules/npm/node_modules/npm-registry-client/lib/request.js:239:14)
37 verbose stack     at Request._callback (/usr/local/lib/node_modules/npm/node_modules/npm-registry-client/lib/request.js:170:14)
37 verbose stack     at Request.self.callback (/usr/local/lib/node_modules/npm/node_modules/request/request.js:354:22)
37 verbose stack     at Request.emit (events.js:110:17)
37 verbose stack     at Request.<anonymous> (/usr/local/lib/node_modules/npm/node_modules/request/request.js:1207:14)
37 verbose stack     at Request.emit (events.js:129:20)
37 verbose stack     at IncomingMessage.<anonymous> (/usr/local/lib/node_modules/npm/node_modules/request/request.js:1153:12)
37 verbose stack     at IncomingMessage.emit (events.js:129:20)
37 verbose stack     at _stream_readable.js:908:16
37 verbose stack     at process._tickCallback (node.js:355:11)
38 verbose statusCode 404
39 verbose pkgid grunt-contrib-wiredep
40 verbose cwd /Users/ccetech/MEGA/work/CCE-FIles
41 error Darwin 14.5.0
42 error argv "node" "/usr/local/bin/npm" "install" "grunt-contrib-wiredep" "--save-dev"
43 error node v0.12.5
44 error npm  v2.11.2
45 error code E404
46 error 404 Registry returned 404 for GET on https://registry.npmjs.org/grunt-contrib-wiredep
46 error 404
46 error 404 'grunt-contrib-wiredep' is not in the npm registry.
46 error 404 You should bug the author to publish it (or use the name yourself!)
46 error 404 It was specified as a dependency of 'service-automated-workflow'
46 error 404
46 error 404 Note that you can also install from a
46 error 404 tarball, folder, http url, or git url.
47 verbose exit [ 1, true ]
